# JRE version: OpenJDK Runtime Environment (8.0_302-b08) (build 1.8.0_302-b08)
# Java VM: OpenJDK 64-Bit Server VM (25.302-b08 mixed mode linux-amd64 compressed oops)
Heap:
 def new generation   total 59008K, used 11802K [0x00000000a0000000, 0x00000000a4000000, 0x00000000c0000000)
  eden space 52480K,  10% used [0x00000000a0000000, 0x00000000a05383c0, 0x00000000a3340000)
  from space 6528K,  98% used [0x00000000a3340000, 0x00000000a398e480, 0x00000000a39a0000)
  to   space 6528K,   0% used [0x00000000a39a0000, 0x00000000a39a0000, 0x00000000a4000000)
 tenured generation   total 106496K, used 7657K [0x00000000c0000000, 0x00000000c6800000, 0x0000000100000000)
   the space 106496K,   7% used [0x00000000c0000000, 0x00000000c077a6c0, 0x00000000c077a800, 0x00000000c6800000)
 Metaspace       used 17994K, capacity 18340K, committed 18432K, reserved 1064960K
  class space    used 2096K, capacity 2258K, committed 2304K, reserved 1048576K
GC Heap History (8 events):
Event: 1.398 GC heap before
{Heap before GC invocations=0 (full 0):
 def new generation   total 59008K, used 52480K [0x00000000a0000000, 0x00000000a4000000, 0x00000000c0000000)
  eden space 52480K, 100% used [0x00000000a0000000, 0x00000000a3340000, 0x00000000a3340000)
  from space 6528K,   0% used [0x00000000a3340000, 0x00000000a3340000, 0x00000000a39a0000)
  to   space 6528K,   0% used [0x00000000a39a0000, 0x00000000a39a0000, 0x00000000a4000000)
 tenured generation   total 106496K, used 0K [0x00000000c0000000, 0x00000000c6800000, 0x0000000100000000)
   the space 106496K,   0% used [0x00000000c0000000, 0x00000000c0000000, 0x00000000c0000200, 0x00000000c6800000)
 Metaspace       used 10808K, capacity 10930K, committed 11008K, reserved 1058816K
  class space    used 1243K, capacity 1278K, committed 1280K, reserved 1048576K
Event: 1.410 GC heap after
Heap after GC invocations=1 (full 0):
 def new generation   total 59008K, used 6528K [0x00000000a0000000, 0x00000000a4000000, 0x00000000c0000000)
  eden space 52480K,   0% used [0x00000000a0000000, 0x00000000a0000000, 0x00000000a3340000)
  from space 6528K, 100% used [0x00000000a39a0000, 0x00000000a4000000, 0x00000000a4000000)
  to   space 6528K,   0% used [0x00000000a3340000, 0x00000000a3340000, 0x00000000a39a0000)
 tenured generation   total 106496K, used 1494K [0x00000000c0000000, 0x00000000c6800000, 0x0000000100000000)
   the space 106496K,   1% used [0x00000000c0000000, 0x00000000c0175b70, 0x00000000c0175c00, 0x00000000c6800000)
 Metaspace       used 10808K, capacity 10930K, committed 11008K, reserved 1058816K
  class space    used 1243K, capacity 1278K, committed 1280K, reserved 1048576K
}
Event: 3.154 GC heap before
{Heap before GC invocations=1 (full 0):
 def new generation   total 59008K, used 59008K [0x00000000a0000000, 0x00000000a4000000, 0x00000000c0000000)
  eden space 52480K, 100% used [0x00000000a0000000, 0x00000000a3340000, 0x00000000a3340000)
  from space 6528K, 100% used [0x00000000a39a0000, 0x00000000a4000000, 0x00000000a4000000)
  to   space 6528K,   0% used [0x00000000a3340000, 0x00000000a3340000, 0x00000000a39a0000)
 tenured generation   total 106496K, used 1494K [0x00000000c0000000, 0x00000000c6800000, 0x0000000100000000)
   the space 106496K,   1% used [0x00000000c0000000, 0x00000000c0175b70, 0x00000000c0175c00, 0x00000000c6800000)
 Metaspace       used 16168K, capacity 16408K, committed 16640K, reserved 1064960K
  class space    used 1910K, capacity 2044K, committed 2048K, reserved 1048576K
Event: 3.173 GC heap after
Heap after GC invocations=2 (full 0):
 def new generation   total 59008K, used 6528K [0x00000000a0000000, 0x00000000a4000000, 0x00000000c0000000)
  eden space 52480K,   0% used [0x00000000a0000000, 0x00000000a0000000, 0x00000000a3340000)
  from space 6528K, 100% used [0x00000000a3340000, 0x00000000a39a0000, 0x00000000a39a0000)
  to   space 6528K,   0% used [0x00000000a39a0000, 0x00000000a39a0000, 0x00000000a4000000)
 tenured generation   total 106496K, used 4170K [0x00000000c0000000, 0x00000000c6800000, 0x0000000100000000)
   the space 106496K,   3% used [0x00000000c0000000, 0x00000000c0412810, 0x00000000c0412a00, 0x00000000c6800000)
 Metaspace       used 16168K, capacity 16408K, committed 16640K, reserved 1064960K
  class space    used 1910K, capacity 2044K, committed 2048K, reserved 1048576K
}
Event: 4.072 GC heap before
{Heap before GC invocations=2 (full 0):
 def new generation   total 59008K, used 59008K [0x00000000a0000000, 0x00000000a4000000, 0x00000000c0000000)
  eden space 52480K, 100% used [0x00000000a0000000, 0x00000000a3340000, 0x00000000a3340000)
  from space 6528K, 100% used [0x00000000a3340000, 0x00000000a39a0000, 0x00000000a39a0000)
  to   space 6528K,   0% used [0x00000000a39a0000, 0x00000000a39a0000, 0x00000000a4000000)
 tenured generation   total 106496K, used 4170K [0x00000000c0000000, 0x00000000c6800000, 0x0000000100000000)
   the space 106496K,   3% used [0x00000000c0000000, 0x00000000c0412810, 0x00000000c0412a00, 0x00000000c6800000)
 Metaspace       used 16906K, capacity 17242K, committed 17536K, reserved 1064960K
  class space    used 1963K, capacity 2088K, committed 2176K, reserved 1048576K
Event: 4.084 GC heap after
Heap after GC invocations=3 (full 0):
 def new generation   total 59008K, used 2594K [0x00000000a0000000, 0x00000000a4000000, 0x00000000c0000000)
  eden space 52480K,   0% used [0x00000000a0000000, 0x00000000a0000000, 0x00000000a3340000)
  from space 6528K,  39% used [0x00000000a39a0000, 0x00000000a3c28810, 0x00000000a4000000)
  to   space 6528K,   0% used [0x00000000a3340000, 0x00000000a3340000, 0x00000000a39a0000)
 tenured generation   total 106496K, used 7657K [0x00000000c0000000, 0x00000000c6800000, 0x0000000100000000)
   the space 106496K,   7% used [0x00000000c0000000, 0x00000000c077a6c0, 0x00000000c077a800, 0x00000000c6800000)
 Metaspace       used 16906K, capacity 17242K, committed 17536K, reserved 1064960K
  class space    used 1963K, capacity 2088K, committed 2176K, reserved 1048576K
}
Event: 5.435 GC heap before
{Heap before GC invocations=3 (full 0):
 def new generation   total 59008K, used 55074K [0x00000000a0000000, 0x00000000a4000000, 0x00000000c0000000)
  eden space 52480K, 100% used [0x00000000a0000000, 0x00000000a3340000, 0x00000000a3340000)
  from space 6528K,  39% used [0x00000000a39a0000, 0x00000000a3c28810, 0x00000000a4000000)
  to   space 6528K,   0% used [0x00000000a3340000, 0x00000000a3340000, 0x00000000a39a0000)
 tenured generation   total 106496K, used 7657K [0x00000000c0000000, 0x00000000c6800000, 0x0000000100000000)
   the space 106496K,   7% used [0x00000000c0000000, 0x00000000c077a6c0, 0x00000000c077a800, 0x00000000c6800000)
 Metaspace       used 17941K, capacity 18276K, committed 18432K, reserved 1064960K
  class space    used 2096K, capacity 2258K, committed 2304K, reserved 1048576K
Event: 5.445 GC heap after
Heap after GC invocations=4 (full 0):
 def new generation   total 59008K, used 6457K [0x00000000a0000000, 0x00000000a4000000, 0x00000000c0000000)
  eden space 52480K,   0% used [0x00000000a0000000, 0x00000000a0000000, 0x00000000a3340000)
  from space 6528K,  98% used [0x00000000a3340000, 0x00000000a398e480, 0x00000000a39a0000)
  to   space 6528K,   0% used [0x00000000a39a0000, 0x00000000a39a0000, 0x00000000a4000000)
 tenured generation   total 106496K, used 7657K [0x00000000c0000000, 0x00000000c6800000, 0x0000000100000000)
   the space 106496K,   7% used [0x00000000c0000000, 0x00000000c077a6c0, 0x00000000c077a800, 0x00000000c6800000)
 Metaspace       used 17941K, capacity 18276K, committed 18432K, reserved 1064960K
  class space    used 2096K, capacity 2258K, committed 2304K, reserved 1048576K
}

